Arguments: 
  /usr/bin/node /usr/share/yarn/bin/yarn.js add electron-builder –dev

PATH: 
  /usr/local/sbin:/usr/local/bin:/usr/sbin:/usr/bin:/sbin:/bin:/usr/games:/usr/local/games:/snap/bin

Yarn version: 
  1.22.5

Node version: 
  14.17.5

Platform: 
  linux x64

Trace: 
  Error: https://registry.npm.taobao.org/electron: tunneling socket could not be established, cause=connect ECONNREFUSED 127.0.0.1:80
      at ClientRequest.onError (/usr/share/yarn/lib/cli.js:152235:17)
      at Object.onceWrapper (events.js:520:26)
      at ClientRequest.emit (events.js:400:28)
      at Socket.socketErrorListener (_http_client.js:475:9)
      at Socket.emit (events.js:400:28)
      at emitErrorNT (internal/streams/destroy.js:106:8)
      at emitErrorCloseNT (internal/streams/destroy.js:74:3)
      at processTicksAndRejections (internal/process/task_queues.js:82:21)

npm manifest: 
  {
    "name": "electron-quick-start",
    "version": "1.0.0",
    "description": "A minimal Electron application",
    "main": "main.js",
    "scripts": {
      "start": "electron ."
    },
    "build": {
      "appId": "tHome.9900000001",
      "linux": {
        "category": "tHome.deb",
        "directories": "./",
        "scripts": {
          "pack": "electron-builder --dir",
          "dist": "electron-builder"
        }
      }
    },
    "repository": "https://github.com/electron/electron-quick-start",
    "keywords": [
      "Electron",
      "quick",
      "start",
      "tutorial",
      "demo"
    ],
    "icon": "icons/elec-app-log.png",
    "author": "GitHub",
    "license": "CC0-1.0",
    "devDependencies": {
      "electron": "^13.1.8"
    }
  }

yarn manifest: 
  No manifest

Lockfile: 
  No lockfile
